<?xml version="1.0" encoding="UTF-8"?>
<testsuite xmlns:xsi="http://www.w3.org/2001/XMLSchema-instance" xsi:noNamespaceSchemaLocation="https://maven.apache.org/surefire/maven-surefire-plugin/xsd/surefire-test-report-3.0.xsd" version="3.0" name="TestSuite" time="142.144" tests="4" errors="0" skipped="0" failures="2">
  <properties>
[...]
</properties>
  <testcase name="confirmation" classname="Testing2" time="10.376">
    <failure message="no such element: Unable to locate element: {&quot;method&quot;:&quot;xpath&quot;,&quot;selector&quot;:&quot;//*[@id=&quot;booking&quot;]/div/div/div/form/div/div[1]/div[2]/div[2]/div/div/div/div/div[2]/div[5]/div[4]&quot;}&#10;  (Session info: chrome=136.0.7103.93)&#10;For documentation on this error, please visit: https://selenium.dev/exceptions/#no_such_element&#10;Build info: version: &apos;4.5.0&apos;, revision: &apos;fe167b119a&apos;&#10;System info: os.name: &apos;Windows 11&apos;, os.arch: &apos;amd64&apos;, os.version: &apos;10.0&apos;, java.version: &apos;23.0.1&apos;&#10;Driver info: org.openqa.selenium.chrome.ChromeDriver&#10;Command: [8792f64e5b8171668b3a562307f43516, findElement {using=xpath, value=//*[@id=&quot;booking&quot;]/div/div/div/form/div/div[1]/div[2]/div[2]/div/div/div/div/div[2]/div[5]/div[4]}]&#10;Capabilities {acceptInsecureCerts: false, browserName: chrome, browserVersion: 136.0.7103.93, chrome: {chromedriverVersion: 135.0.7049.84 (6c019e560019..., userDataDir: C:\Users\alies\AppData\Loca...}, fedcm:accounts: true, goog:chromeOptions: {debuggerAddress: localhost:64109}, networkConnectionEnabled: false, pageLoadStrategy: normal, platformName: WINDOWS, proxy: Proxy(), se:cdp: ws://localhost:64109/devtoo..., se:cdpVersion: 136.0.7103.93, setWindowRect: true, strictFileInteractability: false, timeouts: {implicit: 0, pageLoad: 300000, script: 30000}, unhandledPromptBehavior: dismiss and notify, webauthn:extension:credBlob: true, webauthn:extension:largeBlob: true, webauthn:extension:minPinLength: true, webauthn:extension:prf: true, webauthn:virtualAuthenticators: true}&#10;Session ID: 8792f64e5b8171668b3a562307f43516" type="org.openqa.selenium.NoSuchElementException"><![CDATA[org.openqa.selenium.NoSuchElementException: 
no such element: Unable to locate element: {"method":"xpath","selector":"//*[@id="booking"]/div/div/div/form/div/div[1]/div[2]/div[2]/div/div/div/div/div[2]/div[5]/div[4]"}
  (Session info: chrome=136.0.7103.93)
For documentation on this error, please visit: https://selenium.dev/exceptions/#no_such_element
Build info: version: '4.5.0', revision: 'fe167b119a'
System info: os.name: 'Windows 11', os.arch: 'amd64', os.version: '10.0', java.version: '23.0.1'
Driver info: org.openqa.selenium.chrome.ChromeDriver
Command: [8792f64e5b8171668b3a562307f43516, findElement {using=xpath, value=//*[@id="booking"]/div/div/div/form/div/div[1]/div[2]/div[2]/div/div/div/div/div[2]/div[5]/div[4]}]
Capabilities {acceptInsecureCerts: false, browserName: chrome, browserVersion: 136.0.7103.93, chrome: {chromedriverVersion: 135.0.7049.84 (6c019e560019..., userDataDir: C:\Users\alies\AppData\Loca...}, fedcm:accounts: true, goog:chromeOptions: {debuggerAddress: localhost:64109}, networkConnectionEnabled: false, pageLoadStrategy: normal, platformName: WINDOWS, proxy: Proxy(), se:cdp: ws://localhost:64109/devtoo..., se:cdpVersion: 136.0.7103.93, setWindowRect: true, strictFileInteractability: false, timeouts: {implicit: 0, pageLoad: 300000, script: 30000}, unhandledPromptBehavior: dismiss and notify, webauthn:extension:credBlob: true, webauthn:extension:largeBlob: true, webauthn:extension:minPinLength: true, webauthn:extension:prf: true, webauthn:virtualAuthenticators: true}
Session ID: 8792f64e5b8171668b3a562307f43516
	at Testing2.confirmation(Testing2.java:44)
]]></failure>
    <system-out><![CDATA[Element is not found no such element: Unable to locate element: {"method":"xpath","selector":"//*[@id="booking"]/div/div/div/form/div/div[1]/div[2]/div[2]/div/div/div/div/div[2]/div[5]/div[4]"}
  (Session info: chrome=136.0.7103.93)
For documentation on this error, please visit: https://selenium.dev/exceptions/#no_such_element
Build info: version: '4.5.0', revision: 'fe167b119a'
System info: os.name: 'Windows 11', os.arch: 'amd64', os.version: '10.0', java.version: '23.0.1'
Driver info: org.openqa.selenium.chrome.ChromeDriver
Command: [8792f64e5b8171668b3a562307f43516, findElement {using=xpath, value=//*[@id="booking"]/div/div/div/form/div/div[1]/div[2]/div[2]/div/div/div/div/div[2]/div[5]/div[4]}]
Capabilities {acceptInsecureCerts: false, browserName: chrome, browserVersion: 136.0.7103.93, chrome: {chromedriverVersion: 135.0.7049.84 (6c019e560019..., userDataDir: C:\Users\alies\AppData\Loca...}, fedcm:accounts: true, goog:chromeOptions: {debuggerAddress: localhost:64109}, networkConnectionEnabled: false, pageLoadStrategy: normal, platformName: WINDOWS, proxy: Proxy(), se:cdp: ws://localhost:64109/devtoo..., se:cdpVersion: 136.0.7103.93, setWindowRect: true, strictFileInteractability: false, timeouts: {implicit: 0, pageLoad: 300000, script: 30000}, unhandledPromptBehavior: dismiss and notify, webauthn:extension:credBlob: true, webauthn:extension:largeBlob: true, webauthn:extension:minPinLength: true, webauthn:extension:prf: true, webauthn:virtualAuthenticators: true}
Session ID: 8792f64e5b8171668b3a562307f43516
]]></system-out>
    <system-err><![CDATA[SLF4J: Failed to load class "org.slf4j.impl.StaticLoggerBinder".
SLF4J: Defaulting to no-operation (NOP) logger implementation
SLF4J: See http://www.slf4j.org/codes.html#StaticLoggerBinder for further details.
Starting ChromeDriver 135.0.7049.84 (6c019e56001911b3fd467e03bf68c435924d62f4-refs/branch-heads/7049@{#1778}) on port 49856
Only local connections are allowed.
Please see https://chromedriver.chromium.org/security-considerations for suggestions on keeping ChromeDriver safe.
ChromeDriver was started successfully on port 49856.
[1746843922.460][WARNING]: This version of ChromeDriver has not been tested with Chrome version 136.
May 10, 2025 5:25:23 AM org.openqa.selenium.remote.ProtocolHandshake createSession
INFO: Detected upstream dialect: W3C
May 10, 2025 5:25:23 AM org.openqa.selenium.devtools.CdpVersionFinder findNearestMatch
WARNING: Unable to find an exact match for CDP version 136, so returning the closest version found: a no-op implementation
May 10, 2025 5:25:23 AM org.openqa.selenium.devtools.CdpVersionFinder findNearestMatch
INFO: Unable to find CDP implementation matching 136.
May 10, 2025 5:25:23 AM org.openqa.selenium.chromium.ChromiumDriver lambda$new$3
WARNING: Unable to find version of CDP to use for . You may need to include a dependency on a specific version of the CDP using something similar to `org.seleniumhq.selenium:selenium-devtools-v86:4.5.0` where the version ("v86") matches the version of the chromium-based browser you're using and the version number of the artifact is the same as Selenium's.
]]></system-err>
  </testcase>
  <testcase name="invaliddata" classname="Testing2" time="32.059">
    <system-err><![CDATA[Starting ChromeDriver 135.0.7049.84 (6c019e56001911b3fd467e03bf68c435924d62f4-refs/branch-heads/7049@{#1778}) on port 50854
Only local connections are allowed.
Please see https://chromedriver.chromium.org/security-considerations for suggestions on keeping ChromeDriver safe.
ChromeDriver was started successfully on port 50854.
[1746843937.632][WARNING]: This version of ChromeDriver has not been tested with Chrome version 136.
May 10, 2025 5:25:37 AM org.openqa.selenium.remote.ProtocolHandshake createSession
INFO: Detected upstream dialect: W3C
May 10, 2025 5:25:37 AM org.openqa.selenium.devtools.CdpVersionFinder findNearestMatch
WARNING: Unable to find an exact match for CDP version 136, so returning the closest version found: a no-op implementation
May 10, 2025 5:25:37 AM org.openqa.selenium.devtools.CdpVersionFinder findNearestMatch
INFO: Unable to find CDP implementation matching 136.
May 10, 2025 5:25:37 AM org.openqa.selenium.chromium.ChromiumDriver lambda$new$3
WARNING: Unable to find version of CDP to use for . You may need to include a dependency on a specific version of the CDP using something similar to `org.seleniumhq.selenium:selenium-devtools-v86:4.5.0` where the version ("v86") matches the version of the chromium-based browser you're using and the version number of the artifact is the same as Selenium's.
]]></system-err>
  </testcase>
  <testcase name="invaliddaterange" classname="Testing2" time="1.143">
    <failure message="element click intercepted: Element is not clickable at point (348, 698)&#10;  (Session info: chrome=136.0.7103.93)&#10;Build info: version: &apos;4.5.0&apos;, revision: &apos;fe167b119a&apos;&#10;System info: os.name: &apos;Windows 11&apos;, os.arch: &apos;amd64&apos;, os.version: &apos;10.0&apos;, java.version: &apos;23.0.1&apos;&#10;Driver info: org.openqa.selenium.chrome.ChromeDriver&#10;Command: [aaa89cd084103dbfd9f899ae0af33beb, clickElement {id=f.08FF52333DD7BE32ACF324B05D0F7263.d.A19E6FF5D137EC7FFD679F12CECA329E.e.21}]&#10;Capabilities {acceptInsecureCerts: false, browserName: chrome, browserVersion: 136.0.7103.93, chrome: {chromedriverVersion: 135.0.7049.84 (6c019e560019..., userDataDir: C:\Users\alies\AppData\Loca...}, fedcm:accounts: true, goog:chromeOptions: {debuggerAddress: localhost:64200}, networkConnectionEnabled: false, pageLoadStrategy: normal, platformName: WINDOWS, proxy: Proxy(), se:cdp: ws://localhost:64200/devtoo..., se:cdpVersion: 136.0.7103.93, setWindowRect: true, strictFileInteractability: false, timeouts: {implicit: 0, pageLoad: 300000, script: 30000}, unhandledPromptBehavior: dismiss and notify, webauthn:extension:credBlob: true, webauthn:extension:largeBlob: true, webauthn:extension:minPinLength: true, webauthn:extension:prf: true, webauthn:virtualAuthenticators: true}&#10;Element: [[ChromeDriver: chrome on WINDOWS (aaa89cd084103dbfd9f899ae0af33beb)] -&gt; xpath: //*[@id=&quot;booking&quot;]/div/div/div/form/div/div[1]/div[2]/div[2]/div/div/div/div/div[2]/div[3]/div[6]]&#10;Session ID: aaa89cd084103dbfd9f899ae0af33beb" type="org.openqa.selenium.ElementClickInterceptedException"><![CDATA[org.openqa.selenium.ElementClickInterceptedException: 
element click intercepted: Element is not clickable at point (348, 698)
  (Session info: chrome=136.0.7103.93)
Build info: version: '4.5.0', revision: 'fe167b119a'
System info: os.name: 'Windows 11', os.arch: 'amd64', os.version: '10.0', java.version: '23.0.1'
Driver info: org.openqa.selenium.chrome.ChromeDriver
Command: [aaa89cd084103dbfd9f899ae0af33beb, clickElement {id=f.08FF52333DD7BE32ACF324B05D0F7263.d.A19E6FF5D137EC7FFD679F12CECA329E.e.21}]
Capabilities {acceptInsecureCerts: false, browserName: chrome, browserVersion: 136.0.7103.93, chrome: {chromedriverVersion: 135.0.7049.84 (6c019e560019..., userDataDir: C:\Users\alies\AppData\Loca...}, fedcm:accounts: true, goog:chromeOptions: {debuggerAddress: localhost:64200}, networkConnectionEnabled: false, pageLoadStrategy: normal, platformName: WINDOWS, proxy: Proxy(), se:cdp: ws://localhost:64200/devtoo..., se:cdpVersion: 136.0.7103.93, setWindowRect: true, strictFileInteractability: false, timeouts: {implicit: 0, pageLoad: 300000, script: 30000}, unhandledPromptBehavior: dismiss and notify, webauthn:extension:credBlob: true, webauthn:extension:largeBlob: true, webauthn:extension:minPinLength: true, webauthn:extension:prf: true, webauthn:virtualAuthenticators: true}
Element: [[ChromeDriver: chrome on WINDOWS (aaa89cd084103dbfd9f899ae0af33beb)] -> xpath: //*[@id="booking"]/div/div/div/form/div/div[1]/div[2]/div[2]/div/div/div/div/div[2]/div[3]/div[6]]
Session ID: aaa89cd084103dbfd9f899ae0af33beb
	at Testing2.invaliddaterange(Testing2.java:307)
]]></failure>
    <system-err><![CDATA[Starting ChromeDriver 135.0.7049.84 (6c019e56001911b3fd467e03bf68c435924d62f4-refs/branch-heads/7049@{#1778}) on port 60426
Only local connections are allowed.
Please see https://chromedriver.chromium.org/security-considerations for suggestions on keeping ChromeDriver safe.
ChromeDriver was started successfully on port 60426.
[1746843972.609][WARNING]: This version of ChromeDriver has not been tested with Chrome version 136.
May 10, 2025 5:26:12 AM org.openqa.selenium.remote.ProtocolHandshake createSession
INFO: Detected upstream dialect: W3C
May 10, 2025 5:26:12 AM org.openqa.selenium.devtools.CdpVersionFinder findNearestMatch
WARNING: Unable to find an exact match for CDP version 136, so returning the closest version found: a no-op implementation
May 10, 2025 5:26:12 AM org.openqa.selenium.devtools.CdpVersionFinder findNearestMatch
INFO: Unable to find CDP implementation matching 136.
May 10, 2025 5:26:12 AM org.openqa.selenium.chromium.ChromiumDriver lambda$new$3
WARNING: Unable to find version of CDP to use for . You may need to include a dependency on a specific version of the CDP using something similar to `org.seleniumhq.selenium:selenium-devtools-v86:4.5.0` where the version ("v86") matches the version of the chromium-based browser you're using and the version number of the artifact is the same as Selenium's.
]]></system-err>
  </testcase>
  <testcase name="overlapping" classname="Testing2" time="83.665">
    <system-err><![CDATA[Starting ChromeDriver 135.0.7049.84 (6c019e56001911b3fd467e03bf68c435924d62f4-refs/branch-heads/7049@{#1778}) on port 63523
Only local connections are allowed.
Please see https://chromedriver.chromium.org/security-considerations for suggestions on keeping ChromeDriver safe.
ChromeDriver was started successfully on port 63523.
[1746843976.444][WARNING]: This version of ChromeDriver has not been tested with Chrome version 136.
May 10, 2025 5:26:16 AM org.openqa.selenium.remote.ProtocolHandshake createSession
INFO: Detected upstream dialect: W3C
May 10, 2025 5:26:16 AM org.openqa.selenium.devtools.CdpVersionFinder findNearestMatch
WARNING: Unable to find an exact match for CDP version 136, so returning the closest version found: a no-op implementation
May 10, 2025 5:26:16 AM org.openqa.selenium.devtools.CdpVersionFinder findNearestMatch
INFO: Unable to find CDP implementation matching 136.
May 10, 2025 5:26:16 AM org.openqa.selenium.chromium.ChromiumDriver lambda$new$3
WARNING: Unable to find version of CDP to use for . You may need to include a dependency on a specific version of the CDP using something similar to `org.seleniumhq.selenium:selenium-devtools-v86:4.5.0` where the version ("v86") matches the version of the chromium-based browser you're using and the version number of the artifact is the same as Selenium's.
]]></system-err>
  </testcase>
</testsuite>