<?xml version="1.0" encoding="UTF-8"?>
<testsuite xmlns:xsi="http://www.w3.org/2001/XMLSchema-instance" xsi:noNamespaceSchemaLocation="https://maven.apache.org/surefire/maven-surefire-plugin/xsd/surefire-test-report-3.0.xsd" version="3.0" name="TestSuite" time="79.696" tests="20" errors="0" skipped="1" failures="4">
  <properties>
[...]
</properties>
  <testcase name="testAdminLogin[admin, password, true](1)" classname="com.example.LoginTest" time="2.249">
    <system-out><![CDATA[WebDriver initialized successfully
Starting test with credentials: admin / password
Navigated directly to admin page
Waiting for login form...
Entering credentials...
Clicking login button...
Checking if login successful...
TC01/TC04: Login successful and redirected to admin dashboard
]]></system-out>
    <system-err><![CDATA[SLF4J: Failed to load class "org.slf4j.impl.StaticLoggerBinder".
SLF4J: Defaulting to no-operation (NOP) logger implementation
SLF4J: See http://www.slf4j.org/codes.html#StaticLoggerBinder for further details.
May 10, 2025 8:39:55 AM org.openqa.selenium.devtools.CdpVersionFinder findNearestMatch
WARNING: Unable to find CDP implementation matching 136
May 10, 2025 8:39:55 AM org.openqa.selenium.chromium.ChromiumDriver lambda$new$5
WARNING: Unable to find version of CDP to use for 136.0.7103.49. You may need to include a dependency on a specific version of the CDP using something similar to `org.seleniumhq.selenium:selenium-devtools-v86:4.16.1` where the version ("v86") matches the version of the chromium-based browser you're using and the version number of the artifact is the same as Selenium's.
]]></system-err>
  </testcase>
  <testcase name="testAdminLogin[wrongadmin, password, false](2)" classname="com.example.LoginTest" time="2.356">
    <system-out><![CDATA[Test completed - Current URL: https://automationintesting.online/admin/rooms
----------------------------------------------------
WebDriver initialized successfully
Starting test with credentials: wrongadmin / password
Navigated directly to admin page
Waiting for login form...
Entering credentials...
Clicking login button...
Checking for error message...
TC02/TC03: Error message displayed for invalid credentials
]]></system-out>
    <system-err><![CDATA[May 10, 2025 8:39:59 AM org.openqa.selenium.devtools.CdpVersionFinder findNearestMatch
WARNING: Unable to find CDP implementation matching 136
May 10, 2025 8:39:59 AM org.openqa.selenium.chromium.ChromiumDriver lambda$new$5
WARNING: Unable to find version of CDP to use for 136.0.7103.49. You may need to include a dependency on a specific version of the CDP using something similar to `org.seleniumhq.selenium:selenium-devtools-v86:4.16.1` where the version ("v86") matches the version of the chromium-based browser you're using and the version number of the artifact is the same as Selenium's.
]]></system-err>
  </testcase>
  <testcase name="testAdminLogin[admin, wrongpassword, false](3)" classname="com.example.LoginTest" time="2.287">
    <system-out><![CDATA[Test completed - Current URL: https://automationintesting.online/admin
----------------------------------------------------
WebDriver initialized successfully
Starting test with credentials: admin / wrongpassword
Navigated directly to admin page
Waiting for login form...
Entering credentials...
Clicking login button...
Checking for error message...
TC02/TC03: Error message displayed for invalid credentials
]]></system-out>
    <system-err><![CDATA[May 10, 2025 8:40:02 AM org.openqa.selenium.devtools.CdpVersionFinder findNearestMatch
WARNING: Unable to find CDP implementation matching 136
May 10, 2025 8:40:02 AM org.openqa.selenium.chromium.ChromiumDriver lambda$new$5
WARNING: Unable to find version of CDP to use for 136.0.7103.49. You may need to include a dependency on a specific version of the CDP using something similar to `org.seleniumhq.selenium:selenium-devtools-v86:4.16.1` where the version ("v86") matches the version of the chromium-based browser you're using and the version number of the artifact is the same as Selenium's.
]]></system-err>
  </testcase>
  <testcase name="testAdminLogin[, , false](4)" classname="com.example.LoginTest" time="2.284">
    <system-out><![CDATA[Test completed - Current URL: https://automationintesting.online/admin
----------------------------------------------------
WebDriver initialized successfully
Starting test with credentials:  / 
Navigated directly to admin page
Waiting for login form...
Entering credentials...
Clicking login button...
Checking for error message...
TC02/TC03: Error message displayed for invalid credentials
]]></system-out>
    <system-err><![CDATA[May 10, 2025 8:40:06 AM org.openqa.selenium.devtools.CdpVersionFinder findNearestMatch
WARNING: Unable to find CDP implementation matching 136
May 10, 2025 8:40:06 AM org.openqa.selenium.chromium.ChromiumDriver lambda$new$5
WARNING: Unable to find version of CDP to use for 136.0.7103.49. You may need to include a dependency on a specific version of the CDP using something similar to `org.seleniumhq.selenium:selenium-devtools-v86:4.16.1` where the version ("v86") matches the version of the chromium-based browser you're using and the version number of the artifact is the same as Selenium's.
]]></system-err>
  </testcase>
  <testcase name="testContactForm[Ali mohamed, ali@gmail.com, 01234567890, Room Inquiry, Test message for testing contact form page, true, TC05 - Valid form](1)" classname="com.example.ContactFormTest" time="2.362">
    <system-out><![CDATA[Test completed - Current URL: https://automationintesting.online/admin
----------------------------------------------------
WebDriver initialized successfully

=== Running Test: TC05 - Valid form ===
Navigating to contact page...
Filling form with: 
Name: Ali mohamed
Email: ali@gmail.com
Phone: 01234567890
Submitting form...
Success message displayed: Thanks for getting in touch Ali mohamed!
PASS: TC05 - Valid form
]]></system-out>
    <system-err><![CDATA[May 10, 2025 8:40:09 AM org.openqa.selenium.devtools.CdpVersionFinder findNearestMatch
WARNING: Unable to find CDP implementation matching 136
May 10, 2025 8:40:09 AM org.openqa.selenium.chromium.ChromiumDriver lambda$new$5
WARNING: Unable to find version of CDP to use for 136.0.7103.49. You may need to include a dependency on a specific version of the CDP using something similar to `org.seleniumhq.selenium:selenium-devtools-v86:4.16.1` where the version ("v86") matches the version of the chromium-based browser you're using and the version number of the artifact is the same as Selenium's.
]]></system-err>
  </testcase>
  <testcase name="testContactForm[, ali@gmail.com, 01234567890, Room Inquiry, Test message for testing contact form page, false, TC06 - Missing name](2)" classname="com.example.ContactFormTest" time="3.839">
    <system-out><![CDATA[Test completed - Current URL: https://automationintesting.online/#contact
----------------------------------------------------
WebDriver initialized successfully

=== Running Test: TC06 - Missing name ===
Navigating to contact page...
Filling form with: 
Name: 
Email: ali@gmail.com
Phone: 01234567890
Submitting form...
General error message displayed: Name may not be blank
PASS: TC06 - Missing name
]]></system-out>
    <system-err><![CDATA[May 10, 2025 8:40:13 AM org.openqa.selenium.devtools.CdpVersionFinder findNearestMatch
WARNING: Unable to find CDP implementation matching 136
May 10, 2025 8:40:13 AM org.openqa.selenium.chromium.ChromiumDriver lambda$new$5
WARNING: Unable to find version of CDP to use for 136.0.7103.49. You may need to include a dependency on a specific version of the CDP using something similar to `org.seleniumhq.selenium:selenium-devtools-v86:4.16.1` where the version ("v86") matches the version of the chromium-based browser you're using and the version number of the artifact is the same as Selenium's.
]]></system-err>
  </testcase>
  <testcase name="testContactForm[Ali mohamed, , 01234567890, Room Inquiry, Test message for testing contact form page, false, TC06 - Missing email](3)" classname="com.example.ContactFormTest" time="3.949">
    <system-out><![CDATA[Test completed - Current URL: https://automationintesting.online/#contact
----------------------------------------------------
WebDriver initialized successfully

=== Running Test: TC06 - Missing email ===
Navigating to contact page...
Filling form with: 
Name: Ali mohamed
Email: 
Phone: 01234567890
Submitting form...
General error message displayed: Email may not be blank
PASS: TC06 - Missing email
]]></system-out>
    <system-err><![CDATA[May 10, 2025 8:40:18 AM org.openqa.selenium.devtools.CdpVersionFinder findNearestMatch
WARNING: Unable to find CDP implementation matching 136
May 10, 2025 8:40:18 AM org.openqa.selenium.chromium.ChromiumDriver lambda$new$5
WARNING: Unable to find version of CDP to use for 136.0.7103.49. You may need to include a dependency on a specific version of the CDP using something similar to `org.seleniumhq.selenium:selenium-devtools-v86:4.16.1` where the version ("v86") matches the version of the chromium-based browser you're using and the version number of the artifact is the same as Selenium's.
]]></system-err>
  </testcase>
  <testcase name="testContactForm[Ali mohamed, ali@gmail.com, , Room Inquiry, Test message for testing contact form page, false, TC06 - Missing phone](4)" classname="com.example.ContactFormTest" time="4.03">
    <system-out><![CDATA[Test completed - Current URL: https://automationintesting.online/#contact
----------------------------------------------------
WebDriver initialized successfully

=== Running Test: TC06 - Missing phone ===
Navigating to contact page...
Filling form with: 
Name: Ali mohamed
Email: ali@gmail.com
Phone: 
Submitting form...
General error message displayed: Phone may not be blank
Phone must be between 11 and 21 characters.
PASS: TC06 - Missing phone
]]></system-out>
    <system-err><![CDATA[May 10, 2025 8:40:24 AM org.openqa.selenium.devtools.CdpVersionFinder findNearestMatch
WARNING: Unable to find CDP implementation matching 136
May 10, 2025 8:40:24 AM org.openqa.selenium.chromium.ChromiumDriver lambda$new$5
WARNING: Unable to find version of CDP to use for 136.0.7103.49. You may need to include a dependency on a specific version of the CDP using something similar to `org.seleniumhq.selenium:selenium-devtools-v86:4.16.1` where the version ("v86") matches the version of the chromium-based browser you're using and the version number of the artifact is the same as Selenium's.
]]></system-err>
  </testcase>
  <testcase name="testContactForm[Ali mohamed, ali@domain, 01234567890, Room Inquiry, Test message for testing contact form page, false, TC07 - Invalid email (no @)](5)" classname="com.example.ContactFormTest" time="6.369">
    <failure message="Expected validation errors not displayed for invalid submission expected [true] but found [false]" type="java.lang.AssertionError"><![CDATA[java.lang.AssertionError: Expected validation errors not displayed for invalid submission expected [true] but found [false]
	at org.testng.Assert.fail(Assert.java:111)
	at org.testng.Assert.failNotEquals(Assert.java:1578)
	at org.testng.Assert.assertTrue(Assert.java:57)
	at com.example.ContactFormTest.verifyFormSubmission(ContactFormTest.java:141)
	at com.example.ContactFormTest.testContactForm(ContactFormTest.java:58)
	at java.base/jdk.internal.reflect.DirectMethodHandleAccessor.invoke(DirectMethodHandleAccessor.java:104)
	at java.base/java.lang.reflect.Method.invoke(Method.java:565)
	at org.testng.internal.invokers.MethodInvocationHelper.invokeMethod(MethodInvocationHelper.java:139)
	at org.testng.internal.invokers.TestInvoker.invokeMethod(TestInvoker.java:664)
	at org.testng.internal.invokers.TestInvoker.invokeTestMethod(TestInvoker.java:228)
	at org.testng.internal.invokers.MethodRunner.runInSequence(MethodRunner.java:63)
	at org.testng.internal.invokers.TestInvoker$MethodInvocationAgent.invoke(TestInvoker.java:961)
	at org.testng.internal.invokers.TestInvoker.invokeTestMethods(TestInvoker.java:201)
	at org.testng.internal.invokers.TestMethodWorker.invokeTestMethods(TestMethodWorker.java:148)
	at org.testng.internal.invokers.TestMethodWorker.run(TestMethodWorker.java:128)
	at java.base/java.util.ArrayList.forEach(ArrayList.java:1604)
	at org.testng.TestRunner.privateRun(TestRunner.java:819)
	at org.testng.TestRunner.run(TestRunner.java:619)
	at org.testng.SuiteRunner.runTest(SuiteRunner.java:443)
	at org.testng.SuiteRunner.runSequentially(SuiteRunner.java:437)
	at org.testng.SuiteRunner.privateRun(SuiteRunner.java:397)
	at org.testng.SuiteRunner.run(SuiteRunner.java:336)
	at org.testng.SuiteRunnerWorker.runSuite(SuiteRunnerWorker.java:52)
	at org.testng.SuiteRunnerWorker.run(SuiteRunnerWorker.java:95)
	at org.testng.TestNG.runSuitesSequentially(TestNG.java:1301)
	at org.testng.TestNG.runSuitesLocally(TestNG.java:1228)
	at org.testng.TestNG.runSuites(TestNG.java:1134)
	at org.testng.TestNG.run(TestNG.java:1101)
	at org.apache.maven.surefire.testng.TestNGExecutor.run(TestNGExecutor.java:308)
	at org.apache.maven.surefire.testng.TestNGXmlTestSuite.execute(TestNGXmlTestSuite.java:71)
	at org.apache.maven.surefire.testng.TestNGProvider.invoke(TestNGProvider.java:113)
	at org.apache.maven.surefire.booter.ForkedBooter.runSuitesInProcess(ForkedBooter.java:385)
	at org.apache.maven.surefire.booter.ForkedBooter.execute(ForkedBooter.java:162)
	at org.apache.maven.surefire.booter.ForkedBooter.run(ForkedBooter.java:507)
	at org.apache.maven.surefire.booter.ForkedBooter.main(ForkedBooter.java:495)
]]></failure>
    <system-out><![CDATA[Test completed - Current URL: https://automationintesting.online/#contact
----------------------------------------------------
WebDriver initialized successfully

=== Running Test: TC07 - Invalid email (no @) ===
Navigating to contact page...
Filling form with: 
Name: Ali mohamed
Email: ali@domain
Phone: 01234567890
Submitting form...
]]></system-out>
    <system-err><![CDATA[May 10, 2025 8:40:29 AM org.openqa.selenium.devtools.CdpVersionFinder findNearestMatch
WARNING: Unable to find CDP implementation matching 136
May 10, 2025 8:40:29 AM org.openqa.selenium.chromium.ChromiumDriver lambda$new$5
WARNING: Unable to find version of CDP to use for 136.0.7103.49. You may need to include a dependency on a specific version of the CDP using something similar to `org.seleniumhq.selenium:selenium-devtools-v86:4.16.1` where the version ("v86") matches the version of the chromium-based browser you're using and the version number of the artifact is the same as Selenium's.
FAIL: TC07 - Invalid email (no @) - Expected validation errors not displayed for invalid submission expected [true] but found [false]
]]></system-err>
  </testcase>
  <testcase name="testContactForm[Ali123, ali@gmail.com, 1234567890, Room Inquiry, Test message for testing contact form page, false, Field Validation - Name with numbers](6)" classname="com.example.ContactFormTest" time="4.157">
    <system-out><![CDATA[Test completed - Current URL: https://automationintesting.online/#contact
----------------------------------------------------
WebDriver initialized successfully

=== Running Test: Field Validation - Name with numbers ===
Navigating to contact page...
Filling form with: 
Name: Ali123
Email: ali@gmail.com
Phone: 1234567890
Submitting form...
General error message displayed: Phone must be between 11 and 21 characters.
PASS: Field Validation - Name with numbers
]]></system-out>
    <system-err><![CDATA[May 10, 2025 8:40:37 AM org.openqa.selenium.devtools.CdpVersionFinder findNearestMatch
WARNING: Unable to find CDP implementation matching 136
May 10, 2025 8:40:37 AM org.openqa.selenium.chromium.ChromiumDriver lambda$new$5
WARNING: Unable to find version of CDP to use for 136.0.7103.49. You may need to include a dependency on a specific version of the CDP using something similar to `org.seleniumhq.selenium:selenium-devtools-v86:4.16.1` where the version ("v86") matches the version of the chromium-based browser you're using and the version number of the artifact is the same as Selenium's.
]]></system-err>
  </testcase>
  <testcase name="testContactForm[Ali@Doe, ali@gmail.com, 1234567890, Room Inquiry, Test message for testing contact form page, false, Field Validation - Name with special chars](7)" classname="com.example.ContactFormTest" time="4.019">
    <system-out><![CDATA[Test completed - Current URL: https://automationintesting.online/#contact
----------------------------------------------------
WebDriver initialized successfully

=== Running Test: Field Validation - Name with special chars ===
Navigating to contact page...
Filling form with: 
Name: Ali@Doe
Email: ali@gmail.com
Phone: 1234567890
Submitting form...
General error message displayed: Phone must be between 11 and 21 characters.
PASS: Field Validation - Name with special chars
]]></system-out>
    <system-err><![CDATA[May 10, 2025 8:40:42 AM org.openqa.selenium.devtools.CdpVersionFinder findNearestMatch
WARNING: Unable to find CDP implementation matching 136
May 10, 2025 8:40:42 AM org.openqa.selenium.chromium.ChromiumDriver lambda$new$5
WARNING: Unable to find version of CDP to use for 136.0.7103.49. You may need to include a dependency on a specific version of the CDP using something similar to `org.seleniumhq.selenium:selenium-devtools-v86:4.16.1` where the version ("v86") matches the version of the chromium-based browser you're using and the version number of the artifact is the same as Selenium's.
]]></system-err>
  </testcase>
  <testcase name="testContactForm[Ali mohamed, ali@gmail.com, 123abc456, Room Inquiry, Test message for testing contact form page, false, Field Validation - Phone with letters](8)" classname="com.example.ContactFormTest" time="4.004">
    <system-out><![CDATA[Test completed - Current URL: https://automationintesting.online/#contact
----------------------------------------------------
WebDriver initialized successfully

=== Running Test: Field Validation - Phone with letters ===
Navigating to contact page...
Filling form with: 
Name: Ali mohamed
Email: ali@gmail.com
Phone: 123abc456
Submitting form...
General error message displayed: Phone must be between 11 and 21 characters.
PASS: Field Validation - Phone with letters
]]></system-out>
    <system-err><![CDATA[May 10, 2025 8:40:48 AM org.openqa.selenium.devtools.CdpVersionFinder findNearestMatch
WARNING: Unable to find CDP implementation matching 136
May 10, 2025 8:40:48 AM org.openqa.selenium.chromium.ChromiumDriver lambda$new$5
WARNING: Unable to find version of CDP to use for 136.0.7103.49. You may need to include a dependency on a specific version of the CDP using something similar to `org.seleniumhq.selenium:selenium-devtools-v86:4.16.1` where the version ("v86") matches the version of the chromium-based browser you're using and the version number of the artifact is the same as Selenium's.
]]></system-err>
  </testcase>
  <testcase name="testContactForm[Ali mohamed, ali@gmail.com, 12345, Room Inquiry, Test message for testing contact form page, false, Field Validation - Phone too short](9)" classname="com.example.ContactFormTest" time="4.002">
    <system-out><![CDATA[Test completed - Current URL: https://automationintesting.online/#contact
----------------------------------------------------
WebDriver initialized successfully

=== Running Test: Field Validation - Phone too short ===
Navigating to contact page...
Filling form with: 
Name: Ali mohamed
Email: ali@gmail.com
Phone: 12345
Submitting form...
General error message displayed: Phone must be between 11 and 21 characters.
PASS: Field Validation - Phone too short
]]></system-out>
    <system-err><![CDATA[May 10, 2025 8:40:53 AM org.openqa.selenium.devtools.CdpVersionFinder findNearestMatch
WARNING: Unable to find CDP implementation matching 136
May 10, 2025 8:40:53 AM org.openqa.selenium.chromium.ChromiumDriver lambda$new$5
WARNING: Unable to find version of CDP to use for 136.0.7103.49. You may need to include a dependency on a specific version of the CDP using something similar to `org.seleniumhq.selenium:selenium-devtools-v86:4.16.1` where the version ("v86") matches the version of the chromium-based browser you're using and the version number of the artifact is the same as Selenium's.
]]></system-err>
  </testcase>
  <testcase name="testContactForm[Ali mohamed, ali@gmail.com, 1234567890123456, Room Inquiry, Test message for testing contact form page, false, Field Validation - Phone too long](10)" classname="com.example.ContactFormTest" time="6.179">
    <failure message="Expected validation errors not displayed for invalid submission expected [true] but found [false]" type="java.lang.AssertionError"><![CDATA[java.lang.AssertionError: Expected validation errors not displayed for invalid submission expected [true] but found [false]
	at org.testng.Assert.fail(Assert.java:111)
	at org.testng.Assert.failNotEquals(Assert.java:1578)
	at org.testng.Assert.assertTrue(Assert.java:57)
	at com.example.ContactFormTest.verifyFormSubmission(ContactFormTest.java:141)
	at com.example.ContactFormTest.testContactForm(ContactFormTest.java:58)
	at java.base/jdk.internal.reflect.DirectMethodHandleAccessor.invoke(DirectMethodHandleAccessor.java:104)
	at java.base/java.lang.reflect.Method.invoke(Method.java:565)
	at org.testng.internal.invokers.MethodInvocationHelper.invokeMethod(MethodInvocationHelper.java:139)
	at org.testng.internal.invokers.TestInvoker.invokeMethod(TestInvoker.java:664)
	at org.testng.internal.invokers.TestInvoker.invokeTestMethod(TestInvoker.java:228)
	at org.testng.internal.invokers.MethodRunner.runInSequence(MethodRunner.java:63)
	at org.testng.internal.invokers.TestInvoker$MethodInvocationAgent.invoke(TestInvoker.java:961)
	at org.testng.internal.invokers.TestInvoker.invokeTestMethods(TestInvoker.java:201)
	at org.testng.internal.invokers.TestMethodWorker.invokeTestMethods(TestMethodWorker.java:148)
	at org.testng.internal.invokers.TestMethodWorker.run(TestMethodWorker.java:128)
	at java.base/java.util.ArrayList.forEach(ArrayList.java:1604)
	at org.testng.TestRunner.privateRun(TestRunner.java:819)
	at org.testng.TestRunner.run(TestRunner.java:619)
	at org.testng.SuiteRunner.runTest(SuiteRunner.java:443)
	at org.testng.SuiteRunner.runSequentially(SuiteRunner.java:437)
	at org.testng.SuiteRunner.privateRun(SuiteRunner.java:397)
	at org.testng.SuiteRunner.run(SuiteRunner.java:336)
	at org.testng.SuiteRunnerWorker.runSuite(SuiteRunnerWorker.java:52)
	at org.testng.SuiteRunnerWorker.run(SuiteRunnerWorker.java:95)
	at org.testng.TestNG.runSuitesSequentially(TestNG.java:1301)
	at org.testng.TestNG.runSuitesLocally(TestNG.java:1228)
	at org.testng.TestNG.runSuites(TestNG.java:1134)
	at org.testng.TestNG.run(TestNG.java:1101)
	at org.apache.maven.surefire.testng.TestNGExecutor.run(TestNGExecutor.java:308)
	at org.apache.maven.surefire.testng.TestNGXmlTestSuite.execute(TestNGXmlTestSuite.java:71)
	at org.apache.maven.surefire.testng.TestNGProvider.invoke(TestNGProvider.java:113)
	at org.apache.maven.surefire.booter.ForkedBooter.runSuitesInProcess(ForkedBooter.java:385)
	at org.apache.maven.surefire.booter.ForkedBooter.execute(ForkedBooter.java:162)
	at org.apache.maven.surefire.booter.ForkedBooter.run(ForkedBooter.java:507)
	at org.apache.maven.surefire.booter.ForkedBooter.main(ForkedBooter.java:495)
]]></failure>
    <system-out><![CDATA[Test completed - Current URL: https://automationintesting.online/#contact
----------------------------------------------------
WebDriver initialized successfully

=== Running Test: Field Validation - Phone too long ===
Navigating to contact page...
Filling form with: 
Name: Ali mohamed
Email: ali@gmail.com
Phone: 1234567890123456
Submitting form...
]]></system-out>
    <system-err><![CDATA[May 10, 2025 8:40:59 AM org.openqa.selenium.devtools.CdpVersionFinder findNearestMatch
WARNING: Unable to find CDP implementation matching 136
May 10, 2025 8:40:59 AM org.openqa.selenium.chromium.ChromiumDriver lambda$new$5
WARNING: Unable to find version of CDP to use for 136.0.7103.49. You may need to include a dependency on a specific version of the CDP using something similar to `org.seleniumhq.selenium:selenium-devtools-v86:4.16.1` where the version ("v86") matches the version of the chromium-based browser you're using and the version number of the artifact is the same as Selenium's.
FAIL: Field Validation - Phone too long - Expected validation errors not displayed for invalid submission expected [true] but found [false]
]]></system-err>
  </testcase>
  <testcase name="TC12_addNewRoom" classname="com.example.RoomManagement" time="2.887">
    <system-out><![CDATA[Test completed - Current URL: https://automationintesting.online/#contact
----------------------------------------------------
]]></system-out>
    <system-err><![CDATA[May 10, 2025 8:41:06 AM org.openqa.selenium.devtools.CdpVersionFinder findNearestMatch
WARNING: Unable to find CDP implementation matching 136
May 10, 2025 8:41:06 AM org.openqa.selenium.chromium.ChromiumDriver lambda$new$5
WARNING: Unable to find version of CDP to use for 136.0.7103.49. You may need to include a dependency on a specific version of the CDP using something similar to `org.seleniumhq.selenium:selenium-devtools-v86:4.16.1` where the version ("v86") matches the version of the chromium-based browser you're using and the version number of the artifact is the same as Selenium's.
]]></system-err>
  </testcase>
  <testcase name="TC13_editRoom" classname="com.example.RoomManagement" time="2.087"/>
  <testcase name="TC14_deleteRoomByName" classname="com.example.RoomManagement" time="0.634">
    <failure message="The room was not deleted successfully." type="java.lang.AssertionError"><![CDATA[java.lang.AssertionError: The room was not deleted successfully.
	at org.testng.Assert.fail(Assert.java:111)
	at com.example.RoomManagement.TC14_deleteRoomByName(RoomManagement.java:146)
	at java.base/jdk.internal.reflect.DirectMethodHandleAccessor.invoke(DirectMethodHandleAccessor.java:104)
	at java.base/java.lang.reflect.Method.invoke(Method.java:565)
	at org.testng.internal.invokers.MethodInvocationHelper.invokeMethod(MethodInvocationHelper.java:139)
	at org.testng.internal.invokers.TestInvoker.invokeMethod(TestInvoker.java:664)
	at org.testng.internal.invokers.TestInvoker.invokeTestMethod(TestInvoker.java:228)
	at org.testng.internal.invokers.MethodRunner.runInSequence(MethodRunner.java:63)
	at org.testng.internal.invokers.TestInvoker$MethodInvocationAgent.invoke(TestInvoker.java:961)
	at org.testng.internal.invokers.TestInvoker.invokeTestMethods(TestInvoker.java:201)
	at org.testng.internal.invokers.TestMethodWorker.invokeTestMethods(TestMethodWorker.java:148)
	at org.testng.internal.invokers.TestMethodWorker.run(TestMethodWorker.java:128)
	at java.base/java.util.ArrayList.forEach(ArrayList.java:1604)
	at org.testng.TestRunner.privateRun(TestRunner.java:819)
	at org.testng.TestRunner.run(TestRunner.java:619)
	at org.testng.SuiteRunner.runTest(SuiteRunner.java:443)
	at org.testng.SuiteRunner.runSequentially(SuiteRunner.java:437)
	at org.testng.SuiteRunner.privateRun(SuiteRunner.java:397)
	at org.testng.SuiteRunner.run(SuiteRunner.java:336)
	at org.testng.SuiteRunnerWorker.runSuite(SuiteRunnerWorker.java:52)
	at org.testng.SuiteRunnerWorker.run(SuiteRunnerWorker.java:95)
	at org.testng.TestNG.runSuitesSequentially(TestNG.java:1301)
	at org.testng.TestNG.runSuitesLocally(TestNG.java:1228)
	at org.testng.TestNG.runSuites(TestNG.java:1134)
	at org.testng.TestNG.run(TestNG.java:1101)
	at org.apache.maven.surefire.testng.TestNGExecutor.run(TestNGExecutor.java:308)
	at org.apache.maven.surefire.testng.TestNGXmlTestSuite.execute(TestNGXmlTestSuite.java:71)
	at org.apache.maven.surefire.testng.TestNGProvider.invoke(TestNGProvider.java:113)
	at org.apache.maven.surefire.booter.ForkedBooter.runSuitesInProcess(ForkedBooter.java:385)
	at org.apache.maven.surefire.booter.ForkedBooter.execute(ForkedBooter.java:162)
	at org.apache.maven.surefire.booter.ForkedBooter.run(ForkedBooter.java:507)
	at org.apache.maven.surefire.booter.ForkedBooter.main(ForkedBooter.java:495)
]]></failure>
  </testcase>
  <testcase name="TC15_addRoomWithMissingFields" classname="com.example.RoomManagement" time="0.329">
    <system-out><![CDATA[No HTML5 validation message found → checking room not added.
]]></system-out>
  </testcase>
  <testcase name="closeReport" classname="com.example.RoomManagement" time="0.335">
    <failure message="Cannot invoke &quot;com.aventstack.extentreports.ExtentReports.flush()&quot; because &quot;this.report&quot; is null" type="java.lang.NullPointerException"><![CDATA[java.lang.NullPointerException: Cannot invoke "com.aventstack.extentreports.ExtentReports.flush()" because "this.report" is null
	at com.example.RoomManagement.closeReport(RoomManagement.java:200)
	at java.base/jdk.internal.reflect.DirectMethodHandleAccessor.invoke(DirectMethodHandleAccessor.java:104)
	at java.base/java.lang.reflect.Method.invoke(Method.java:565)
	at org.testng.internal.invokers.MethodInvocationHelper.invokeMethod(MethodInvocationHelper.java:139)
	at org.testng.internal.invokers.MethodInvocationHelper.invokeMethodConsideringTimeout(MethodInvocationHelper.java:69)
	at org.testng.internal.invokers.ConfigInvoker.invokeConfigurationMethod(ConfigInvoker.java:393)
	at org.testng.internal.invokers.ConfigInvoker.invokeConfigurations(ConfigInvoker.java:326)
	at org.testng.internal.invokers.TestMethodWorker.invokeAfterClassConfigurations(TestMethodWorker.java:229)
	at org.testng.internal.invokers.TestMethodWorker.invokeAfterClassMethods(TestMethodWorker.java:215)
	at org.testng.internal.invokers.TestMethodWorker.run(TestMethodWorker.java:131)
	at java.base/java.util.ArrayList.forEach(ArrayList.java:1604)
	at org.testng.TestRunner.privateRun(TestRunner.java:819)
	at org.testng.TestRunner.run(TestRunner.java:619)
	at org.testng.SuiteRunner.runTest(SuiteRunner.java:443)
	at org.testng.SuiteRunner.runSequentially(SuiteRunner.java:437)
	at org.testng.SuiteRunner.privateRun(SuiteRunner.java:397)
	at org.testng.SuiteRunner.run(SuiteRunner.java:336)
	at org.testng.SuiteRunnerWorker.runSuite(SuiteRunnerWorker.java:52)
	at org.testng.SuiteRunnerWorker.run(SuiteRunnerWorker.java:95)
	at org.testng.TestNG.runSuitesSequentially(TestNG.java:1301)
	at org.testng.TestNG.runSuitesLocally(TestNG.java:1228)
	at org.testng.TestNG.runSuites(TestNG.java:1134)
	at org.testng.TestNG.run(TestNG.java:1101)
	at org.apache.maven.surefire.testng.TestNGExecutor.run(TestNGExecutor.java:308)
	at org.apache.maven.surefire.testng.TestNGXmlTestSuite.execute(TestNGXmlTestSuite.java:71)
	at org.apache.maven.surefire.testng.TestNGProvider.invoke(TestNGProvider.java:113)
	at org.apache.maven.surefire.booter.ForkedBooter.runSuitesInProcess(ForkedBooter.java:385)
	at org.apache.maven.surefire.booter.ForkedBooter.execute(ForkedBooter.java:162)
	at org.apache.maven.surefire.booter.ForkedBooter.run(ForkedBooter.java:507)
	at org.apache.maven.surefire.booter.ForkedBooter.main(ForkedBooter.java:495)
]]></failure>
  </testcase>
  <testcase name="teardown" classname="com.example.RoomManagement" time="0.0">
    <skipped/>
  </testcase>
</testsuite>